C51 COMPILER V9.54   DELAY                                                                 12/09/2023 22:35:28 PAGE 1   


C51 COMPILER V9.54, COMPILATION OF MODULE DELAY
OBJECT MODULE PLACED IN .\Objects\Delay.obj
COMPILER INVOKED BY: D:\Study\51\keil_v5\C51\BIN\C51.EXE Delay.c OPTIMIZE(8,SPEED) BROWSE DEBUG OBJECTEXTEND PRINT(.\Lis
                    -tings\Delay.lst) OBJECT(.\Objects\Delay.obj)

line level    source

   1          #include <REGX52.H>
*** WARNING C318 IN LINE 1 OF Delay.c: can't open file 'REGX52.H'
   2          
   3          void Delay(unsigned int xms)    //@11.0592MHz
   4          {
   5   1              while(xms--!=0)
   6   1              {
   7   2                      unsigned char data i, j;
   8   2              
   9   2                      i = 2;
  10   2                      j = 199;
  11   2                      do
  12   2                      {
  13   3                              while (--j);
  14   3                      } while (--i);
  15   2              }
  16   1      }


MODULE INFORMATION:   STATIC OVERLAYABLE
   CODE SIZE        =     25    ----
   CONSTANT SIZE    =   ----    ----
   XDATA SIZE       =   ----    ----
   PDATA SIZE       =   ----    ----
   DATA SIZE        =   ----       2
   IDATA SIZE       =   ----    ----
   BIT SIZE         =   ----    ----
END OF MODULE INFORMATION.


C51 COMPILATION COMPLETE.  1 WARNING(S),  0 ERROR(S)
