C51 COMPILER V9.54   MATRIXKEY                                                             12/09/2023 22:57:31 PAGE 1   


C51 COMPILER V9.54, COMPILATION OF MODULE MATRIXKEY
OBJECT MODULE PLACED IN .\Objects\MatrixKey.obj
COMPILER INVOKED BY: D:\Study\51\keil_v5\C51\BIN\C51.EXE MatrixKey.c OPTIMIZE(8,SPEED) BROWSE DEBUG OBJECTEXTEND PRINT(.
                    -\Listings\MatrixKey.lst) OBJECT(.\Objects\MatrixKey.obj)

line level    source

   1          #include <STC12C5A60S2.H>
   2          #include <Delay.h>
   3          
   4          //unsigned char MatrixKey(void)
   5          //{
   6          //      unsigned char KeyNumber=0;
   7          //      P3=0xFF;
   8          //      P34=0;
   9          //      if(P33==0){Delay(20);while(P33==0);Delay(20);KeyNumber=12;}
  10          //      if(P32==0){Delay(20);while(P32==0);Delay(20);KeyNumber=9;}
  11          //      if(P31==0){Delay(20);while(P31==0);Delay(20);KeyNumber=6;}
  12          //      if(P30==0){Delay(20);while(P30==0);Delay(20);KeyNumber=3;}
  13          //      P3=0xFF;
  14          //      P35=0;
  15          //      if(P33==0){Delay(20);while(P33==0);Delay(20);KeyNumber=11;}
  16          //      if(P32==0){Delay(20);while(P32==0);Delay(20);KeyNumber=8;}
  17          //      if(P31==0){Delay(20);while(P31==0);Delay(20);KeyNumber=5;}
  18          //      if(P30==0){Delay(20);while(P30==0);Delay(20);KeyNumber=2;}
  19          //      P3=0xFF;
  20          //      P36=0;
  21          //      if(P33==0){Delay(20);while(P33==0);Delay(20);KeyNumber=10;}
  22          //      if(P32==0){Delay(20);while(P32==0);Delay(20);KeyNumber=7;}
  23          //      if(P31==0){Delay(20);while(P31==0);Delay(20);KeyNumber=4;}
  24          //      if(P30==0){Delay(20);while(P30==0);Delay(20);KeyNumber=1;}
  25          //      P3=0xFF;
  26          //      P37=0;
  27          //      if(P33==0){Delay(20);while(P33==0);Delay(20);KeyNumber=13;}
  28          //      if(P32==0){Delay(20);while(P32==0);Delay(20);KeyNumber=14;}
  29          //      if(P31==0){Delay(20);while(P31==0);Delay(20);KeyNumber=15;}
  30          //      if(P30==0){Delay(20);while(P30==0);Delay(20);KeyNumber=16;}
  31          //    return KeyNumber;
  32          //}
  33          
  34          unsigned char MatrixKey(void)
  35          {
  36   1              unsigned char KeyNumber=17;
  37   1              P3=0xFF;
  38   1              P34=0;
  39   1              if(P33==0){Delay(20);while(P33==0);Delay(20);KeyNumber=13;}
  40   1              if(P32==0){Delay(20);while(P32==0);Delay(20);KeyNumber=14;}
  41   1              if(P31==0){Delay(20);while(P31==0);Delay(20);KeyNumber=15;}
  42   1              if(P30==0){Delay(20);while(P30==0);Delay(20);KeyNumber=16;}
  43   1              P3=0xFF;
  44   1              P35=0;
  45   1              if(P33==0){Delay(20);while(P33==0);Delay(20);KeyNumber=12;}
  46   1              if(P32==0){Delay(20);while(P32==0);Delay(20);KeyNumber=9;}
  47   1              if(P31==0){Delay(20);while(P31==0);Delay(20);KeyNumber=6;}
  48   1              if(P30==0){Delay(20);while(P30==0);Delay(20);KeyNumber=3;}
  49   1              P3=0xFF;
  50   1              P36=0;
  51   1              if(P33==0){Delay(20);while(P33==0);Delay(20);KeyNumber=11;}
  52   1              if(P32==0){Delay(20);while(P32==0);Delay(20);KeyNumber=8;}
  53   1              if(P31==0){Delay(20);while(P31==0);Delay(20);KeyNumber=5;}
  54   1              if(P30==0){Delay(20);while(P30==0);Delay(20);KeyNumber=2;}
C51 COMPILER V9.54   MATRIXKEY                                                             12/09/2023 22:57:31 PAGE 2   

  55   1              P3=0xFF;
  56   1              P37=0;
  57   1              if(P33==0){Delay(20);while(P33==0);Delay(20);KeyNumber=0;}
  58   1              if(P32==0){Delay(20);while(P32==0);Delay(20);KeyNumber=7;}
  59   1              if(P31==0){Delay(20);while(P31==0);Delay(20);KeyNumber=4;}
  60   1              if(P30==0){Delay(20);while(P30==0);Delay(20);KeyNumber=1;}
  61   1          return KeyNumber;
  62   1      }


MODULE INFORMATION:   STATIC OVERLAYABLE
   CODE SIZE        =    394    ----
   CONSTANT SIZE    =   ----    ----
   XDATA SIZE       =   ----    ----
   PDATA SIZE       =   ----    ----
   DATA SIZE        =   ----       1
   IDATA SIZE       =   ----    ----
   BIT SIZE         =   ----    ----
END OF MODULE INFORMATION.


C51 COMPILATION COMPLETE.  0 WARNING(S),  0 ERROR(S)
